# JRE version: OpenJDK Runtime Environment (8.0_242-b01) (build 1.8.0_242-release-1644-b01)
# Java VM: OpenJDK 64-Bit Server VM (25.242-b01 mixed mode windows-amd64 compressed oops)
Heap:
 PSYoungGen      total 572416K, used 308790K [0x00000000d5580000, 0x00000000ff700000, 0x0000000100000000)
  eden space 464384K, 64% used [0x00000000d5580000,0x00000000e78107e0,0x00000000f1b00000)
  from space 108032K, 10% used [0x00000000f8d80000,0x00000000f987d378,0x00000000ff700000)
  to   space 112640K, 0% used [0x00000000f1b00000,0x00000000f1b00000,0x00000000f8900000)
 ParOldGen       total 563200K, used 334474K [0x0000000080000000, 0x00000000a2600000, 0x00000000d5580000)
  object space 563200K, 59% used [0x0000000080000000,0x00000000946a2890,0x00000000a2600000)
 Metaspace       used 132649K, capacity 140948K, committed 143128K, reserved 1173504K
  class space    used 16342K, capacity 18040K, committed 18712K, reserved 1048576K
GC Heap History (10 events):
Event: 15028.073 GC heap before
{Heap before GC invocations=96 (full 10):
 PSYoungGen      total 564224K, used 486857K [0x00000000d5580000, 0x0000000100000000, 0x0000000100000000)
  eden space 429568K, 100% used [0x00000000d5580000,0x00000000ef900000,0x00000000ef900000)
  from space 134656K, 42% used [0x00000000ef900000,0x00000000f30f2438,0x00000000f7c80000)
  to   space 129536K, 0% used [0x00000000f8180000,0x00000000f8180000,0x0000000100000000)
 ParOldGen       total 563200K, used 283199K [0x0000000080000000, 0x00000000a2600000, 0x00000000d5580000)
  object space 563200K, 50% used [0x0000000080000000,0x000000009148ffd8,0x00000000a2600000)
 Metaspace       used 132428K, capacity 140652K, committed 142872K, reserved 1173504K
  class space    used 16336K, capacity 18034K, committed 18712K, reserved 1048576K
Event: 15028.366 GC heap after
Heap after GC invocations=96 (full 10):
 PSYoungGen      total 546816K, used 37481K [0x00000000d5580000, 0x00000000fef00000, 0x0000000100000000)
  eden space 434688K, 0% used [0x00000000d5580000,0x00000000d5580000,0x00000000efe00000)
  from space 112128K, 33% used [0x00000000f8180000,0x00000000fa61a5a8,0x00000000fef00000)
  to   space 123392K, 0% used [0x00000000efe00000,0x00000000efe00000,0x00000000f7680000)
 ParOldGen       total 563200K, used 295604K [0x0000000080000000, 0x00000000a2600000, 0x00000000d5580000)
  object space 563200K, 52% used [0x0000000080000000,0x00000000920ad0b0,0x00000000a2600000)
 Metaspace       used 132428K, capacity 140652K, committed 142872K, reserved 1173504K
  class space    used 16336K, capacity 18034K, committed 18712K, reserved 1048576K
}
Event: 15032.871 GC heap before
{Heap before GC invocations=97 (full 10):
 PSYoungGen      total 546816K, used 472169K [0x00000000d5580000, 0x00000000fef00000, 0x0000000100000000)
  eden space 434688K, 100% used [0x00000000d5580000,0x00000000efe00000,0x00000000efe00000)
  from space 112128K, 33% used [0x00000000f8180000,0x00000000fa61a5a8,0x00000000fef00000)
  to   space 123392K, 0% used [0x00000000efe00000,0x00000000efe00000,0x00000000f7680000)
 ParOldGen       total 563200K, used 295604K [0x0000000080000000, 0x00000000a2600000, 0x00000000d5580000)
  object space 563200K, 52% used [0x0000000080000000,0x00000000920ad0b0,0x00000000a2600000)
 Metaspace       used 132523K, capacity 140734K, committed 142872K, reserved 1173504K
  class space    used 16338K, capacity 18037K, committed 18712K, reserved 1048576K
Event: 15033.090 GC heap after
Heap after GC invocations=97 (full 10):
 PSYoungGen      total 558080K, used 14844K [0x00000000d5580000, 0x0000000100000000, 0x0000000100000000)
  eden space 434688K, 0% used [0x00000000d5580000,0x00000000d5580000,0x00000000efe00000)
  from space 123392K, 12% used [0x00000000efe00000,0x00000000f0c7f2c8,0x00000000f7680000)
  to   space 121344K, 0% used [0x00000000f8980000,0x00000000f8980000,0x0000000100000000)
 ParOldGen       total 563200K, used 311496K [0x0000000080000000, 0x00000000a2600000, 0x00000000d5580000)
  object space 563200K, 55% used [0x0000000080000000,0x00000000930323b8,0x00000000a2600000)
 Metaspace       used 132523K, capacity 140734K, committed 142872K, reserved 1173504K
  class space    used 16338K, capacity 18037K, committed 18712K, reserved 1048576K
}
Event: 15036.594 GC heap before
{Heap before GC invocations=98 (full 10):
 PSYoungGen      total 558080K, used 449532K [0x00000000d5580000, 0x0000000100000000, 0x0000000100000000)
  eden space 434688K, 100% used [0x00000000d5580000,0x00000000efe00000,0x00000000efe00000)
  from space 123392K, 12% used [0x00000000efe00000,0x00000000f0c7f2c8,0x00000000f7680000)
  to   space 121344K, 0% used [0x00000000f8980000,0x00000000f8980000,0x0000000100000000)
 ParOldGen       total 563200K, used 311496K [0x0000000080000000, 0x00000000a2600000, 0x00000000d5580000)
  object space 563200K, 55% used [0x0000000080000000,0x00000000930323b8,0x00000000a2600000)
 Metaspace       used 132564K, capacity 140802K, committed 142872K, reserved 1173504K
  class space    used 16338K, capacity 18037K, committed 18712K, reserved 1048576K
Event: 15036.735 GC heap after
Heap after GC invocations=98 (full 10):
 PSYoungGen      total 568320K, used 16458K [0x00000000d5580000, 0x00000000ff900000, 0x0000000100000000)
  eden space 454144K, 0% used [0x00000000d5580000,0x00000000d5580000,0x00000000f1100000)
  from space 114176K, 14% used [0x00000000f8980000,0x00000000f9992b58,0x00000000ff900000)
  to   space 118784K, 0% used [0x00000000f1100000,0x00000000f1100000,0x00000000f8500000)
 ParOldGen       total 563200K, used 319329K [0x0000000080000000, 0x00000000a2600000, 0x00000000d5580000)
  object space 563200K, 56% used [0x0000000080000000,0x00000000937d8780,0x00000000a2600000)
 Metaspace       used 132564K, capacity 140802K, committed 142872K, reserved 1173504K
  class space    used 16338K, capacity 18037K, committed 18712K, reserved 1048576K
}
Event: 15040.411 GC heap before
{Heap before GC invocations=99 (full 10):
 PSYoungGen      total 568320K, used 470602K [0x00000000d5580000, 0x00000000ff900000, 0x0000000100000000)
  eden space 454144K, 100% used [0x00000000d5580000,0x00000000f1100000,0x00000000f1100000)
  from space 114176K, 14% used [0x00000000f8980000,0x00000000f9992b58,0x00000000ff900000)
  to   space 118784K, 0% used [0x00000000f1100000,0x00000000f1100000,0x00000000f8500000)
 ParOldGen       total 563200K, used 319329K [0x0000000080000000, 0x00000000a2600000, 0x00000000d5580000)
  object space 563200K, 56% used [0x0000000080000000,0x00000000937d8780,0x00000000a2600000)
 Metaspace       used 132583K, capacity 140802K, committed 142872K, reserved 1173504K
  class space    used 16338K, capacity 18037K, committed 18712K, reserved 1048576K
Event: 15040.601 GC heap after
Heap after GC invocations=99 (full 10):
 PSYoungGen      total 572928K, used 13383K [0x00000000d5580000, 0x00000000ffe80000, 0x0000000100000000)
  eden space 454144K, 0% used [0x00000000d5580000,0x00000000d5580000,0x00000000f1100000)
  from space 118784K, 11% used [0x00000000f1100000,0x00000000f1e11f30,0x00000000f8500000)
  to   space 115712K, 0% used [0x00000000f8d80000,0x00000000f8d80000,0x00000000ffe80000)
 ParOldGen       total 563200K, used 330268K [0x0000000080000000, 0x00000000a2600000, 0x00000000d5580000)
  object space 563200K, 58% used [0x0000000080000000,0x0000000094287048,0x00000000a2600000)
 Metaspace       used 132583K, capacity 140802K, committed 142872K, reserved 1173504K
  class space    used 16338K, capacity 18037K, committed 18712K, reserved 1048576K
}
Event: 15044.570 GC heap before
{Heap before GC invocations=100 (full 10):
 PSYoungGen      total 572928K, used 467527K [0x00000000d5580000, 0x00000000ffe80000, 0x0000000100000000)
  eden space 454144K, 100% used [0x00000000d5580000,0x00000000f1100000,0x00000000f1100000)
  from space 118784K, 11% used [0x00000000f1100000,0x00000000f1e11f30,0x00000000f8500000)
  to   space 115712K, 0% used [0x00000000f8d80000,0x00000000f8d80000,0x00000000ffe80000)
 ParOldGen       total 563200K, used 330268K [0x0000000080000000, 0x00000000a2600000, 0x00000000d5580000)
  object space 563200K, 58% used [0x0000000080000000,0x0000000094287048,0x00000000a2600000)
 Metaspace       used 132631K, capacity 140880K, committed 142872K, reserved 1173504K
  class space    used 16342K, capacity 18040K, committed 18712K, reserved 1048576K
Event: 15044.668 GC heap after
Heap after GC invocations=100 (full 10):
 PSYoungGen      total 572416K, used 11252K [0x00000000d5580000, 0x00000000ff700000, 0x0000000100000000)
  eden space 464384K, 0% used [0x00000000d5580000,0x00000000d5580000,0x00000000f1b00000)
  from space 108032K, 10% used [0x00000000f8d80000,0x00000000f987d378,0x00000000ff700000)
  to   space 112640K, 0% used [0x00000000f1b00000,0x00000000f1b00000,0x00000000f8900000)
 ParOldGen       total 563200K, used 334474K [0x0000000080000000, 0x00000000a2600000, 0x00000000d5580000)
  object space 563200K, 59% used [0x0000000080000000,0x00000000946a2890,0x00000000a2600000)
 Metaspace       used 132631K, capacity 140880K, committed 142872K, reserved 1173504K
  class space    used 16342K, capacity 18040K, committed 18712K, reserved 1048576K
}

