# JRE version: OpenJDK Runtime Environment (8.0_242-b01) (build 1.8.0_242-release-1644-b01)
# Java VM: OpenJDK 64-Bit Server VM (25.242-b01 mixed mode windows-amd64 compressed oops)
Heap:
 PSYoungGen      total 52224K, used 49937K [0x00000000d5600000, 0x00000000da100000, 0x0000000100000000)
  eden space 47104K, 95% used [0x00000000d5600000,0x00000000d81c7d60,0x00000000d8400000)
  from space 5120K, 99% used [0x00000000d9c00000,0x00000000da0fc7f0,0x00000000da100000)
  to   space 5120K, 0% used [0x00000000d9700000,0x00000000d9700000,0x00000000d9c00000)
 ParOldGen       total 68096K, used 10068K [0x0000000080200000, 0x0000000084480000, 0x00000000d5600000)
  object space 68096K, 14% used [0x0000000080200000,0x0000000080bd53d8,0x0000000084480000)
 Metaspace       used 30361K, capacity 30830K, committed 30976K, reserved 1077248K
  class space    used 3920K, capacity 4058K, committed 4096K, reserved 1048576K
GC Heap History (10 events):
Event: 1.035 GC heap before
{Heap before GC invocations=1 (full 0):
 PSYoungGen      total 38400K, used 33280K [0x00000000d5600000, 0x00000000d8080000, 0x0000000100000000)
  eden space 33280K, 100% used [0x00000000d5600000,0x00000000d7680000,0x00000000d7680000)
  from space 5120K, 0% used [0x00000000d7b80000,0x00000000d7b80000,0x00000000d8080000)
  to   space 5120K, 0% used [0x00000000d7680000,0x00000000d7680000,0x00000000d7b80000)
 ParOldGen       total 87552K, used 0K [0x0000000080200000, 0x0000000085780000, 0x00000000d5600000)
  object space 87552K, 0% used [0x0000000080200000,0x0000000080200000,0x0000000085780000)
 Metaspace       used 10216K, capacity 10368K, committed 10496K, reserved 1058816K
  class space    used 1122K, capacity 1182K, committed 1280K, reserved 1048576K
Event: 1.045 GC heap after
Heap after GC invocations=1 (full 0):
 PSYoungGen      total 38400K, used 5104K [0x00000000d5600000, 0x00000000d8080000, 0x0000000100000000)
  eden space 33280K, 0% used [0x00000000d5600000,0x00000000d5600000,0x00000000d7680000)
  from space 5120K, 99% used [0x00000000d7680000,0x00000000d7b7c2e8,0x00000000d7b80000)
  to   space 5120K, 0% used [0x00000000d7b80000,0x00000000d7b80000,0x00000000d8080000)
 ParOldGen       total 87552K, used 2660K [0x0000000080200000, 0x0000000085780000, 0x00000000d5600000)
  object space 87552K, 3% used [0x0000000080200000,0x0000000080499220,0x0000000085780000)
 Metaspace       used 10216K, capacity 10368K, committed 10496K, reserved 1058816K
  class space    used 1122K, capacity 1182K, committed 1280K, reserved 1048576K
}
Event: 1.828 GC heap before
{Heap before GC invocations=2 (full 0):
 PSYoungGen      total 38400K, used 38384K [0x00000000d5600000, 0x00000000d8080000, 0x0000000100000000)
  eden space 33280K, 100% used [0x00000000d5600000,0x00000000d7680000,0x00000000d7680000)
  from space 5120K, 99% used [0x00000000d7680000,0x00000000d7b7c2e8,0x00000000d7b80000)
  to   space 5120K, 0% used [0x00000000d7b80000,0x00000000d7b80000,0x00000000d8080000)
 ParOldGen       total 87552K, used 2660K [0x0000000080200000, 0x0000000085780000, 0x00000000d5600000)
  object space 87552K, 3% used [0x0000000080200000,0x0000000080499220,0x0000000085780000)
 Metaspace       used 16389K, capacity 16790K, committed 16896K, reserved 1064960K
  class space    used 1915K, capacity 2023K, committed 2048K, reserved 1048576K
Event: 1.843 GC heap after
Heap after GC invocations=2 (full 0):
 PSYoungGen      total 38400K, used 5109K [0x00000000d5600000, 0x00000000da100000, 0x0000000100000000)
  eden space 33280K, 0% used [0x00000000d5600000,0x00000000d5600000,0x00000000d7680000)
  from space 5120K, 99% used [0x00000000d7b80000,0x00000000d807d538,0x00000000d8080000)
  to   space 5120K, 0% used [0x00000000d7680000,0x00000000d7680000,0x00000000d7b80000)
 ParOldGen       total 87552K, used 7644K [0x0000000080200000, 0x0000000085780000, 0x00000000d5600000)
  object space 87552K, 8% used [0x0000000080200000,0x00000000809772d8,0x0000000085780000)
 Metaspace       used 16389K, capacity 16790K, committed 16896K, reserved 1064960K
  class space    used 1915K, capacity 2023K, committed 2048K, reserved 1048576K
}
Event: 2.334 GC heap before
{Heap before GC invocations=3 (full 0):
 PSYoungGen      total 38400K, used 20122K [0x00000000d5600000, 0x00000000da100000, 0x0000000100000000)
  eden space 33280K, 45% used [0x00000000d5600000,0x00000000d64a9678,0x00000000d7680000)
  from space 5120K, 99% used [0x00000000d7b80000,0x00000000d807d538,0x00000000d8080000)
  to   space 5120K, 0% used [0x00000000d7680000,0x00000000d7680000,0x00000000d7b80000)
 ParOldGen       total 87552K, used 7644K [0x0000000080200000, 0x0000000085780000, 0x00000000d5600000)
  object space 87552K, 8% used [0x0000000080200000,0x00000000809772d8,0x0000000085780000)
 Metaspace       used 20767K, capacity 21142K, committed 21296K, reserved 1067008K
  class space    used 2712K, capacity 2837K, committed 2944K, reserved 1048576K
Event: 2.345 GC heap after
Heap after GC invocations=3 (full 0):
 PSYoungGen      total 38400K, used 5103K [0x00000000d5600000, 0x00000000da100000, 0x0000000100000000)
  eden space 33280K, 0% used [0x00000000d5600000,0x00000000d5600000,0x00000000d7680000)
  from space 5120K, 99% used [0x00000000d7680000,0x00000000d7b7bc70,0x00000000d7b80000)
  to   space 5120K, 0% used [0x00000000d9c00000,0x00000000d9c00000,0x00000000da100000)
 ParOldGen       total 87552K, used 11041K [0x0000000080200000, 0x0000000085780000, 0x00000000d5600000)
  object space 87552K, 12% used [0x0000000080200000,0x0000000080cc8710,0x0000000085780000)
 Metaspace       used 20767K, capacity 21142K, committed 21296K, reserved 1067008K
  class space    used 2712K, capacity 2837K, committed 2944K, reserved 1048576K
}
Event: 2.345 GC heap before
{Heap before GC invocations=4 (full 1):
 PSYoungGen      total 38400K, used 5103K [0x00000000d5600000, 0x00000000da100000, 0x0000000100000000)
  eden space 33280K, 0% used [0x00000000d5600000,0x00000000d5600000,0x00000000d7680000)
  from space 5120K, 99% used [0x00000000d7680000,0x00000000d7b7bc70,0x00000000d7b80000)
  to   space 5120K, 0% used [0x00000000d9c00000,0x00000000d9c00000,0x00000000da100000)
 ParOldGen       total 87552K, used 11041K [0x0000000080200000, 0x0000000085780000, 0x00000000d5600000)
  object space 87552K, 12% used [0x0000000080200000,0x0000000080cc8710,0x0000000085780000)
 Metaspace       used 20767K, capacity 21142K, committed 21296K, reserved 1067008K
  class space    used 2712K, capacity 2837K, committed 2944K, reserved 1048576K
Event: 2.409 GC heap after
Heap after GC invocations=4 (full 1):
 PSYoungGen      total 38400K, used 0K [0x00000000d5600000, 0x00000000da100000, 0x0000000100000000)
  eden space 33280K, 0% used [0x00000000d5600000,0x00000000d5600000,0x00000000d7680000)
  from space 5120K, 0% used [0x00000000d7680000,0x00000000d7680000,0x00000000d7b80000)
  to   space 5120K, 0% used [0x00000000d9c00000,0x00000000d9c00000,0x00000000da100000)
 ParOldGen       total 68096K, used 8364K [0x0000000080200000, 0x0000000084480000, 0x00000000d5600000)
  object space 68096K, 12% used [0x0000000080200000,0x0000000080a2b0d8,0x0000000084480000)
 Metaspace       used 20767K, capacity 21142K, committed 21296K, reserved 1067008K
  class space    used 2712K, capacity 2837K, committed 2944K, reserved 1048576K
}
Event: 3.196 GC heap before
{Heap before GC invocations=5 (full 1):
 PSYoungGen      total 38400K, used 33280K [0x00000000d5600000, 0x00000000da100000, 0x0000000100000000)
  eden space 33280K, 100% used [0x00000000d5600000,0x00000000d7680000,0x00000000d7680000)
  from space 5120K, 0% used [0x00000000d7680000,0x00000000d7680000,0x00000000d7b80000)
  to   space 5120K, 0% used [0x00000000d9c00000,0x00000000d9c00000,0x00000000da100000)
 ParOldGen       total 68096K, used 8364K [0x0000000080200000, 0x0000000084480000, 0x00000000d5600000)
  object space 68096K, 12% used [0x0000000080200000,0x0000000080a2b0d8,0x0000000084480000)
 Metaspace       used 23276K, capacity 23752K, committed 24064K, reserved 1071104K
  class space    used 3040K, capacity 3220K, committed 3328K, reserved 1048576K
Event: 3.218 GC heap after
Heap after GC invocations=5 (full 1):
 PSYoungGen      total 52224K, used 5105K [0x00000000d5600000, 0x00000000da100000, 0x0000000100000000)
  eden space 47104K, 0% used [0x00000000d5600000,0x00000000d5600000,0x00000000d8400000)
  from space 5120K, 99% used [0x00000000d9c00000,0x00000000da0fc7f0,0x00000000da100000)
  to   space 5120K, 0% used [0x00000000d9700000,0x00000000d9700000,0x00000000d9c00000)
 ParOldGen       total 68096K, used 10068K [0x0000000080200000, 0x0000000084480000, 0x00000000d5600000)
  object space 68096K, 14% used [0x0000000080200000,0x0000000080bd53d8,0x0000000084480000)
 Metaspace       used 23276K, capacity 23752K, committed 24064K, reserved 1071104K
  class space    used 3040K, capacity 3220K, committed 3328K, reserved 1048576K
}

